2025-10-31 22:43:00 - ═══════════════════════════════════════════════════════════════════════════
2025-10-31 22:43:00 - VÉRIFICATION PRÉREQUIS
2025-10-31 22:43:00 - ═══════════════════════════════════════════════════════════════════════════
2025-10-31 22:43:00 - [1/3] Git...
2025-10-31 22:43:00 - ✓ Git : git version 2.51.0
2025-10-31 22:43:00 - [2/3] GitHub CLI...
2025-10-31 22:43:00 - ✓ gh : gh version 2.46.0 (2025-01-13 Debian 2.46.0-3)
2025-10-31 22:43:00 - [3/3] Authentification GitHub...
2025-10-31 22:43:01 - ✓ Authentification active
2025-10-31 22:43:01 - ═══════════════════════════════════════════════════════════════════════════
2025-10-31 22:43:01 - ✓ TOUS PRÉREQUIS OK
2025-10-31 22:43:01 - ═══════════════════════════════════════════════════════════════════════════
2025-10-31 22:43:01 - ═══════════════════════════════════════════════════════════════════════════
2025-10-31 22:43:01 - CRÉATION DÉPÔT GIT COMPLET
2025-10-31 22:43:01 - ═══════════════════════════════════════════════════════════════════════════
2025-10-31 22:43:01 - [1/6] Répertoire local: /mnt/data2_78g/Security/scripts/Projects_web/braveVTTextension
2025-10-31 22:43:01 - → Répertoire existe, conservation fichiers
2025-10-31 22:43:01 - ✓ Accès répertoire OK
2025-10-31 22:43:01 - [2/6] Vérification Git...
2025-10-31 22:43:01 - → Initialisation nouveau dépôt Git (branche main)
2025-10-31 22:43:01 - [3/6] Fichiers de base...
2025-10-31 22:43:01 - → README.md existe, SKIP création
2025-10-31 22:43:01 - → Pas de .gitignore demandé
2025-10-31 22:43:01 - [4/6] Dépôt distant GitHub...
2025-10-31 22:43:03 - ✓ Dépôt distant OK (VIDE)
2025-10-31 22:43:03 - [5/6] Remote origin...
2025-10-31 22:43:03 - ✓ Remote configurée
2025-10-31 22:43:03 - [6/6] Branche working...
2025-10-31 22:43:03 - ✓ Sur branche working
2025-10-31 22:43:03 - ═══════════════════════════════════════════════════════════════════════════
2025-10-31 22:43:03 - ✓ DÉPÔT CRÉÉ AVEC SUCCÈS
2025-10-31 22:43:03 - ═══════════════════════════════════════════════════════════════════════════
2025-10-31 22:43:03 - 
2025-10-31 22:43:03 - INFOS:
2025-10-31 22:43:03 -   • Nom      : braveVTTextension
2025-10-31 22:43:03 -   • Owner    : bdelnoz
2025-10-31 22:43:03 -   • Visibilité: private
2025-10-31 22:43:03 -   • Local    : /mnt/data2_78g/Security/scripts/Projects_web/braveVTTextension
2025-10-31 22:43:03 -   • Distant  : https://github.com/bdelnoz/braveVTTextension (VIDE)
2025-10-31 22:43:03 -   • Branches : main, working (locale ACTIVE)
2025-10-31 22:43:03 -   • Fichiers : Untracked (prêts pour commit manuel)
2025-10-31 22:43:03 - 
2025-10-31 22:43:03 - ⚠ IMPORTANT: Dépôt distant VIDE, aucun commit auto
2025-10-31 22:43:03 - 
2025-10-31 22:43:03 - PROCHAINES ÉTAPES (MANUEL):
2025-10-31 22:43:03 -   cd /mnt/data2_78g/Security/scripts/Projects_web/braveVTTextension
2025-10-31 22:43:03 -   git status
2025-10-31 22:43:03 -   git add .
2025-10-31 22:43:03 -   git commit -m 'Initial commit'
2025-10-31 22:43:03 -   git push -u origin working
2025-10-31 22:43:03 -   git checkout main && git merge working
2025-10-31 22:43:03 -   git push -u origin main
2025-10-31 22:43:03 - 
2025-10-31 22:43:03 - ═══════════════════════════════════════════════════════════════════════════
2025-10-31 22:43:03 - 
2025-10-31 22:43:03 - ═══════════════════════════════════════════════════════════════════════════
2025-10-31 22:43:03 - Script terminé: 2025-10-31 22:43:03
2025-10-31 22:43:03 - ═══════════════════════════════════════════════════════════════════════════
